<?xml version="1.0" encoding="UTF-8"?>
<robot generator="Robot 5.0.1 (Python 3.10.7 on darwin)" generated="20221018 16:09:19.478" rpa="false" schemaversion="3">
<suite id="s1" name="Assignment2" source="/Users/kookwangs/Desktop/demo-robot/testcases/assignment2/assignment2.robot">
<test id="s1-t1" name="user1 redirect success" line="15">
<kw name="Open Browser" library="SeleniumLibrary">
<arg>${url}</arg>
<arg>${browser}</arg>
<doc>Opens a new browser instance to the optional ``url``.</doc>
<msg timestamp="20221018 16:09:20.201" level="INFO">Opening browser 'chrome' to base url 'https://www.saucedemo.com'.</msg>
<status status="PASS" starttime="20221018 16:09:20.200" endtime="20221018 16:09:25.798"/>
</kw>
<kw name="Input Text" library="SeleniumLibrary">
<arg>name=user-name</arg>
<arg>standard_user</arg>
<doc>Types the given ``text`` into the text field identified by ``locator``.</doc>
<msg timestamp="20221018 16:09:25.801" level="INFO">Typing text 'standard_user' into text field 'name=user-name'.</msg>
<status status="PASS" starttime="20221018 16:09:25.800" endtime="20221018 16:09:26.308"/>
</kw>
<kw name="Input Password And Confirm">
<kw name="Input Text" library="SeleniumLibrary">
<arg>name=password</arg>
<arg>secret_sauce</arg>
<doc>Types the given ``text`` into the text field identified by ``locator``.</doc>
<msg timestamp="20221018 16:09:26.310" level="INFO">Typing text 'secret_sauce' into text field 'name=password'.</msg>
<status status="PASS" starttime="20221018 16:09:26.310" endtime="20221018 16:09:26.602"/>
</kw>
<kw name="Click Button" library="SeleniumLibrary">
<arg>name=login-button</arg>
<doc>Clicks the button identified by ``locator``.</doc>
<msg timestamp="20221018 16:09:26.602" level="INFO">Clicking button 'name=login-button'.</msg>
<status status="PASS" starttime="20221018 16:09:26.602" endtime="20221018 16:09:26.915"/>
</kw>
<kw name="Wait Until Page Contains" library="SeleniumLibrary">
<arg>Products</arg>
<arg>5s</arg>
<doc>Waits until ``text`` appears on the current page.</doc>
<status status="PASS" starttime="20221018 16:09:26.915" endtime="20221018 16:09:27.274"/>
</kw>
<status status="PASS" starttime="20221018 16:09:26.308" endtime="20221018 16:09:27.274"/>
</kw>
<status status="PASS" starttime="20221018 16:09:20.197" endtime="20221018 16:09:27.275"/>
</test>
<test id="s1-t2" name="user3 redirect success" line="26">
<kw name="Open Browser" library="SeleniumLibrary">
<arg>${url}</arg>
<arg>${browser}</arg>
<doc>Opens a new browser instance to the optional ``url``.</doc>
<msg timestamp="20221018 16:09:27.282" level="INFO">Opening browser 'chrome' to base url 'https://www.saucedemo.com'.</msg>
<status status="PASS" starttime="20221018 16:09:27.279" endtime="20221018 16:09:36.594"/>
</kw>
<kw name="Input Text" library="SeleniumLibrary">
<arg>name=user-name</arg>
<arg>problem_user</arg>
<doc>Types the given ``text`` into the text field identified by ``locator``.</doc>
<msg timestamp="20221018 16:09:36.595" level="INFO">Typing text 'problem_user' into text field 'name=user-name'.</msg>
<status status="PASS" starttime="20221018 16:09:36.595" endtime="20221018 16:09:37.033"/>
</kw>
<kw name="Input Password And Confirm">
<kw name="Input Text" library="SeleniumLibrary">
<arg>name=password</arg>
<arg>secret_sauce</arg>
<doc>Types the given ``text`` into the text field identified by ``locator``.</doc>
<msg timestamp="20221018 16:09:37.035" level="INFO">Typing text 'secret_sauce' into text field 'name=password'.</msg>
<status status="PASS" starttime="20221018 16:09:37.035" endtime="20221018 16:09:37.249"/>
</kw>
<kw name="Click Button" library="SeleniumLibrary">
<arg>name=login-button</arg>
<doc>Clicks the button identified by ``locator``.</doc>
<msg timestamp="20221018 16:09:37.250" level="INFO">Clicking button 'name=login-button'.</msg>
<status status="PASS" starttime="20221018 16:09:37.249" endtime="20221018 16:09:37.449"/>
</kw>
<kw name="Wait Until Page Contains" library="SeleniumLibrary">
<arg>Products</arg>
<arg>5s</arg>
<doc>Waits until ``text`` appears on the current page.</doc>
<status status="PASS" starttime="20221018 16:09:37.449" endtime="20221018 16:09:37.504"/>
</kw>
<status status="PASS" starttime="20221018 16:09:37.034" endtime="20221018 16:09:37.505"/>
</kw>
<status status="PASS" starttime="20221018 16:09:27.278" endtime="20221018 16:09:37.505"/>
</test>
<test id="s1-t3" name="user4 redirect success" line="31">
<kw name="Open Browser" library="SeleniumLibrary">
<arg>${url}</arg>
<arg>${browser}</arg>
<doc>Opens a new browser instance to the optional ``url``.</doc>
<msg timestamp="20221018 16:09:37.522" level="INFO">Opening browser 'chrome' to base url 'https://www.saucedemo.com'.</msg>
<status status="PASS" starttime="20221018 16:09:37.513" endtime="20221018 16:09:43.643"/>
</kw>
<kw name="Input Text" library="SeleniumLibrary">
<arg>name=user-name</arg>
<arg>performance_glitch_user</arg>
<doc>Types the given ``text`` into the text field identified by ``locator``.</doc>
<msg timestamp="20221018 16:09:43.649" level="INFO">Typing text 'performance_glitch_user' into text field 'name=user-name'.</msg>
<status status="PASS" starttime="20221018 16:09:43.644" endtime="20221018 16:09:44.400"/>
</kw>
<kw name="Input Password And Confirm">
<kw name="Input Text" library="SeleniumLibrary">
<arg>name=password</arg>
<arg>secret_sauce</arg>
<doc>Types the given ``text`` into the text field identified by ``locator``.</doc>
<msg timestamp="20221018 16:09:44.402" level="INFO">Typing text 'secret_sauce' into text field 'name=password'.</msg>
<status status="PASS" starttime="20221018 16:09:44.401" endtime="20221018 16:09:44.764"/>
</kw>
<kw name="Click Button" library="SeleniumLibrary">
<arg>name=login-button</arg>
<doc>Clicks the button identified by ``locator``.</doc>
<msg timestamp="20221018 16:09:44.765" level="INFO">Clicking button 'name=login-button'.</msg>
<status status="PASS" starttime="20221018 16:09:44.764" endtime="20221018 16:09:50.253"/>
</kw>
<kw name="Wait Until Page Contains" library="SeleniumLibrary">
<arg>Products</arg>
<arg>5s</arg>
<doc>Waits until ``text`` appears on the current page.</doc>
<status status="PASS" starttime="20221018 16:09:50.253" endtime="20221018 16:09:50.393"/>
</kw>
<status status="PASS" starttime="20221018 16:09:44.401" endtime="20221018 16:09:50.393"/>
</kw>
<status status="PASS" starttime="20221018 16:09:37.511" endtime="20221018 16:09:50.394"/>
</test>
<status status="PASS" starttime="20221018 16:09:19.481" endtime="20221018 16:09:50.396"/>
</suite>
<statistics>
<total>
<stat pass="3" fail="0" skip="0">All Tests</stat>
</total>
<tag>
</tag>
<suite>
<stat pass="3" fail="0" skip="0" id="s1" name="Assignment2">Assignment2</stat>
</suite>
</statistics>
<errors>
</errors>
</robot>
